Running with threads_per_block = 1024
Running task1 for n = 32 with 1024 threads...
Last element: 3.93727, Time: 0.842752 ms
Running task1 for n = 64 with 1024 threads...
Last element: 3.56206, Time: 0.593856 ms
Running task1 for n = 128 with 1024 threads...
Last element: -1.68683, Time: 0.44544 ms
Running task1 for n = 256 with 1024 threads...
Last element: 5.21355, Time: 0.681216 ms
Running task1 for n = 512 with 1024 threads...
Last element: 10.0752, Time: 1.07421 ms
Running task1 for n = 1024 with 1024 threads...
Last element: 1.54898, Time: 3.17706 ms
Running task1 for n = 2048 with 1024 threads...
Last element: -13.7892, Time: 21.5266 ms
Running task1 for n = 4096 with 1024 threads...
Last element: 39.4721, Time: 173.632 ms
Running task1 for n = 8192 with 1024 threads...
Last element: 42.0473, Time: 1465 ms
Running task1 for n = 16384 with 1024 threads...
Last element: -18.092, Time: 17507.7 ms
Running with threads_per_block = 512
Running task1 for n = 32 with 512 threads...
Last element: 4.39602, Time: 0.519168 ms
Running task1 for n = 64 with 512 threads...
Last element: -3.19642, Time: 0.623744 ms
Running task1 for n = 128 with 512 threads...
Last element: -2.04048, Time: 0.790784 ms
Running task1 for n = 256 with 512 threads...
Last element: 5.04459, Time: 0.738016 ms
Running task1 for n = 512 with 512 threads...
Last element: 8.80501, Time: 0.897568 ms
Running task1 for n = 1024 with 512 threads...
Last element: 11.6007, Time: 2.76461 ms
Running task1 for n = 2048 with 512 threads...
Last element: -30.5557, Time: 20.3534 ms
Running task1 for n = 4096 with 512 threads...
Last element: -13.9188, Time: 178.491 ms
Running task1 for n = 8192 with 512 threads...
Last element: -40.3589, Time: 1618 ms
Running task1 for n = 16384 with 512 threads...
Last element: 33.5347, Time: 37702.6 ms
Job finished. Results saved in results_t1024.txt and results_t512.txt
