g++: fatal error: no input files
compilation terminated.
/var/spool/slurmd/job921664/slurm_script: line 17: ./task3_static: No such file or directory
/var/spool/slurmd/job921664/slurm_script: line 17: ./task3_static: No such file or directory
/var/spool/slurmd/job921664/slurm_script: line 17: ./task3_static: No such file or directory
/var/spool/slurmd/job921664/slurm_script: line 17: ./task3_static: No such file or directory
/var/spool/slurmd/job921664/slurm_script: line 17: ./task3_static: No such file or directory
/var/spool/slurmd/job921664/slurm_script: line 17: ./task3_static: No such file or directory
/var/spool/slurmd/job921664/slurm_script: line 17: ./task3_static: No such file or directory
/var/spool/slurmd/job921664/slurm_script: line 17: ./task3_static: No such file or directory
g++: fatal error: no input files
compilation terminated.
/var/spool/slurmd/job921664/slurm_script: line 17: ./task3_dynamic: No such file or directory
/var/spool/slurmd/job921664/slurm_script: line 17: ./task3_dynamic: No such file or directory
/var/spool/slurmd/job921664/slurm_script: line 17: ./task3_dynamic: No such file or directory
/var/spool/slurmd/job921664/slurm_script: line 17: ./task3_dynamic: No such file or directory
/var/spool/slurmd/job921664/slurm_script: line 17: ./task3_dynamic: No such file or directory
/var/spool/slurmd/job921664/slurm_script: line 17: ./task3_dynamic: No such file or directory
/var/spool/slurmd/job921664/slurm_script: line 17: ./task3_dynamic: No such file or directory
/var/spool/slurmd/job921664/slurm_script: line 17: ./task3_dynamic: No such file or directory
g++: fatal error: no input files
compilation terminated.
/var/spool/slurmd/job921664/slurm_script: line 17: ./task3_guided: No such file or directory
/var/spool/slurmd/job921664/slurm_script: line 17: ./task3_guided: No such file or directory
/var/spool/slurmd/job921664/slurm_script: line 17: ./task3_guided: No such file or directory
/var/spool/slurmd/job921664/slurm_script: line 17: ./task3_guided: No such file or directory
/var/spool/slurmd/job921664/slurm_script: line 17: ./task3_guided: No such file or directory
/var/spool/slurmd/job921664/slurm_script: line 17: ./task3_guided: No such file or directory
/var/spool/slurmd/job921664/slurm_script: line 17: ./task3_guided: No such file or directory
/var/spool/slurmd/job921664/slurm_script: line 17: ./task3_guided: No such file or directory
