Running with t=1
3.66504e+11
5.63318e+14
79.3979
Running with t=2
3.66504e+11
5.63318e+14
45.8376
Running with t=3
3.66504e+11
5.63318e+14
30.9108
Running with t=4
3.66504e+11
5.63318e+14
23.0078
Running with t=5
3.66504e+11
5.63318e+14
21.088
Running with t=6
3.66504e+11
5.63318e+14
17.3925
Running with t=7
3.66504e+11
5.63318e+14
24.9977
Running with t=8
3.66504e+11
5.63318e+14
22.1293
Running with t=9
3.66504e+11
5.63318e+14
19.842
Running with t=10
3.66504e+11
5.63318e+14
17.9799
Running with t=11
3.66504e+11
5.63318e+14
32.1372
Running with t=12
3.66504e+11
5.63318e+14
15.5819
Running with t=13
3.66504e+11
5.63318e+14
31.8271
Running with t=14
3.66504e+11
5.63318e+14
33.6899
Running with t=15
3.66504e+11
5.63318e+14
36.8336
Running with t=16
3.66504e+11
5.63318e+14
25.2997
Running with t=17
3.66504e+11
5.63318e+14
51.1855
Running with t=18
3.66504e+11
5.63318e+14
50.7499
Running with t=19
3.66504e+11
5.63318e+14
38.8598
Running with t=20
3.66504e+11
5.63318e+14
40.2189
